# JRE version: Java(TM) SE Runtime Environment (21.0.9+7) (build 21.0.9+7-LTS-338)
# Java VM: Java HotSpot(TM) 64-Bit Server VM (21.0.9+7-LTS-338, mixed mode, sharing, tiered, compressed oops, compressed class ptrs, g1 gc, windows-amd64)
GC Precious Log:
 CardTable entry size: 512
 Card Set container configuration: InlinePtr #cards 5 size 8 Array Of Cards #cards 12 size 40 Howl #buckets 4 coarsen threshold 1843 Howl Bitmap #cards 512 size 80 coarsen threshold 460 Card regions per heap region 1 cards per card region 2048
 CPUs: 4 total, 4 available
 Memory: 6094M
 Large Page Support: Disabled
 NUMA Support: Disabled
 Compressed Oops: Enabled (32-bit)
 Heap Region Size: 1M
 Heap Min Capacity: 8M
 Heap Initial Capacity: 96M
 Heap Max Capacity: 1524M
 Pre-touch: Disabled
 Parallel Workers: 4
 Concurrent Workers: 1
 Concurrent Refinement Workers: 4
 Periodic GC: Disabled
Heap:
 garbage-first heap   total 55296K, used 39616K [0x00000000a0c00000, 0x0000000100000000)
  region size 1024K, 17 young (17408K), 1 survivors (1024K)
 Metaspace       used 29319K, committed 29632K, reserved 1114112K
  class space    used 3354K, committed 3520K, reserved 1048576K
GC Heap History (20 events):
Event: 10.231 GC heap before
{Heap before GC invocations=3 (full 0):
 garbage-first heap   total 98304K, used 41788K [0x00000000a0c00000, 0x0000000100000000)
  region size 1024K, 39 young (39936K), 6 survivors (6144K)
 Metaspace       used 21236K, committed 21504K, reserved 1114112K
  class space    used 2482K, committed 2624K, reserved 1048576K
}
Event: 10.268 GC heap after
{Heap after GC invocations=4 (full 0):
 garbage-first heap   total 98304K, used 14778K [0x00000000a0c00000, 0x0000000100000000)
  region size 1024K, 6 young (6144K), 6 survivors (6144K)
 Metaspace       used 21236K, committed 21504K, reserved 1114112K
  class space    used 2482K, committed 2624K, reserved 1048576K
}
Event: 12.991 GC heap before
{Heap before GC invocations=5 (full 0):
 garbage-first heap   total 55296K, used 41402K [0x00000000a0c00000, 0x0000000100000000)
  region size 1024K, 32 young (32768K), 6 survivors (6144K)
 Metaspace       used 24339K, committed 24576K, reserved 1114112K
  class space    used 2820K, committed 2944K, reserved 1048576K
}
Event: 13.018 GC heap after
{Heap after GC invocations=6 (full 0):
 garbage-first heap   total 55296K, used 16991K [0x00000000a0c00000, 0x0000000100000000)
  region size 1024K, 3 young (3072K), 3 survivors (3072K)
 Metaspace       used 24339K, committed 24576K, reserved 1114112K
  class space    used 2820K, committed 2944K, reserved 1048576K
}
Event: 14.556 GC heap before
{Heap before GC invocations=6 (full 0):
 garbage-first heap   total 55296K, used 42591K [0x00000000a0c00000, 0x0000000100000000)
  region size 1024K, 28 young (28672K), 3 survivors (3072K)
 Metaspace       used 24555K, committed 24768K, reserved 1114112K
  class space    used 2822K, committed 2944K, reserved 1048576K
}
Event: 14.570 GC heap after
{Heap after GC invocations=7 (full 0):
 garbage-first heap   total 55296K, used 18904K [0x00000000a0c00000, 0x0000000100000000)
  region size 1024K, 2 young (2048K), 2 survivors (2048K)
 Metaspace       used 24555K, committed 24768K, reserved 1114112K
  class space    used 2822K, committed 2944K, reserved 1048576K
}
Event: 15.682 GC heap before
{Heap before GC invocations=7 (full 0):
 garbage-first heap   total 55296K, used 44504K [0x00000000a0c00000, 0x0000000100000000)
  region size 1024K, 27 young (27648K), 2 survivors (2048K)
 Metaspace       used 24837K, committed 25088K, reserved 1114112K
  class space    used 2825K, committed 2944K, reserved 1048576K
}
Event: 15.690 GC heap after
{Heap after GC invocations=8 (full 0):
 garbage-first heap   total 55296K, used 20142K [0x00000000a0c00000, 0x0000000100000000)
  region size 1024K, 4 young (4096K), 4 survivors (4096K)
 Metaspace       used 24837K, committed 25088K, reserved 1114112K
  class space    used 2825K, committed 2944K, reserved 1048576K
}
Event: 17.041 GC heap before
{Heap before GC invocations=8 (full 0):
 garbage-first heap   total 55296K, used 45742K [0x00000000a0c00000, 0x0000000100000000)
  region size 1024K, 29 young (29696K), 4 survivors (4096K)
 Metaspace       used 27389K, committed 27712K, reserved 1114112K
  class space    used 3212K, committed 3392K, reserved 1048576K
}
Event: 17.052 GC heap after
{Heap after GC invocations=9 (full 0):
 garbage-first heap   total 55296K, used 21904K [0x00000000a0c00000, 0x0000000100000000)
  region size 1024K, 3 young (3072K), 3 survivors (3072K)
 Metaspace       used 27389K, committed 27712K, reserved 1114112K
  class space    used 3212K, committed 3392K, reserved 1048576K
}
Event: 18.766 GC heap before
{Heap before GC invocations=9 (full 0):
 garbage-first heap   total 55296K, used 45456K [0x00000000a0c00000, 0x0000000100000000)
  region size 1024K, 27 young (27648K), 3 survivors (3072K)
 Metaspace       used 28404K, committed 28736K, reserved 1114112K
  class space    used 3341K, committed 3520K, reserved 1048576K
}
Event: 18.784 GC heap after
{Heap after GC invocations=10 (full 0):
 garbage-first heap   total 55296K, used 24305K [0x00000000a0c00000, 0x0000000100000000)
  region size 1024K, 4 young (4096K), 4 survivors (4096K)
 Metaspace       used 28404K, committed 28736K, reserved 1114112K
  class space    used 3341K, committed 3520K, reserved 1048576K
}
Event: 19.856 GC heap before
{Heap before GC invocations=10 (full 0):
 garbage-first heap   total 55296K, used 46833K [0x00000000a0c00000, 0x0000000100000000)
  region size 1024K, 26 young (26624K), 4 survivors (4096K)
 Metaspace       used 28522K, committed 28864K, reserved 1114112K
  class space    used 3341K, committed 3520K, reserved 1048576K
}
Event: 19.867 GC heap after
{Heap after GC invocations=11 (full 0):
 garbage-first heap   total 55296K, used 25802K [0x00000000a0c00000, 0x0000000100000000)
  region size 1024K, 2 young (2048K), 2 survivors (2048K)
 Metaspace       used 28522K, committed 28864K, reserved 1114112K
  class space    used 3341K, committed 3520K, reserved 1048576K
}
Event: 20.688 GC heap before
{Heap before GC invocations=11 (full 0):
 garbage-first heap   total 55296K, used 48330K [0x00000000a0c00000, 0x0000000100000000)
  region size 1024K, 24 young (24576K), 2 survivors (2048K)
 Metaspace       used 28655K, committed 28992K, reserved 1114112K
  class space    used 3341K, committed 3520K, reserved 1048576K
}
Event: 20.695 GC heap after
{Heap after GC invocations=12 (full 0):
 garbage-first heap   total 55296K, used 26478K [0x00000000a0c00000, 0x0000000100000000)
  region size 1024K, 3 young (3072K), 3 survivors (3072K)
 Metaspace       used 28655K, committed 28992K, reserved 1114112K
  class space    used 3341K, committed 3520K, reserved 1048576K
}
Event: 23.537 GC heap before
{Heap before GC invocations=12 (full 0):
 garbage-first heap   total 55296K, used 29550K [0x00000000a0c00000, 0x0000000100000000)
  region size 1024K, 7 young (7168K), 3 survivors (3072K)
 Metaspace       used 28769K, committed 29120K, reserved 1114112K
  class space    used 3349K, committed 3520K, reserved 1048576K
}
Event: 23.643 GC heap after
{Heap after GC invocations=13 (full 1):
 garbage-first heap   total 55296K, used 23832K [0x00000000a0c00000, 0x0000000100000000)
  region size 1024K, 0 young (0K), 0 survivors (0K)
 Metaspace       used 28769K, committed 29120K, reserved 1114112K
  class space    used 3349K, committed 3520K, reserved 1048576K
}
Event: 29.923 GC heap before
{Heap before GC invocations=13 (full 1):
 garbage-first heap   total 55296K, used 48408K [0x00000000a0c00000, 0x0000000100000000)
  region size 1024K, 24 young (24576K), 0 survivors (0K)
 Metaspace       used 29233K, committed 29568K, reserved 1114112K
  class space    used 3354K, committed 3520K, reserved 1048576K
}
Event: 29.927 GC heap after
{Heap after GC invocations=14 (full 1):
 garbage-first heap   total 55296K, used 24256K [0x00000000a0c00000, 0x0000000100000000)
  region size 1024K, 1 young (1024K), 1 survivors (1024K)
 Metaspace       used 29233K, committed 29568K, reserved 1114112K
  class space    used 3354K, committed 3520K, reserved 1048576K
}

